\BOOKMARK [0][-]{Doc-Start}{\376\377\136\217\212\000}{}% 1
\BOOKMARK [0][-]{Doc-Start}{\376\377\166\356\137\125}{}% 2
\BOOKMARK [0][-]{chapter.0}{\376\377\145\160\133\146\210\145\121\105}{}% 3
\BOOKMARK [1][-]{section.0.1}{\376\377\145\160\133\146\121\154\137\017\210\145\121\105}{chapter.0}% 4
\BOOKMARK [0][-]{chapter.1}{\376\377\215\050\160\271\217\320\122\250}{}% 5
\BOOKMARK [1][-]{section.1.1}{\376\377\116\214\176\364\127\120\150\007\174\373\123\312\121\166\162\151\164\006\221\317}{chapter.1}% 6
\BOOKMARK [1][-]{section.1.2}{\376\377\121\166\133\203}{chapter.1}% 7
\BOOKMARK [0][-]{chapter.2}{\376\377\162\133\230\177\133\232\137\213\116\016\122\250\221\317\133\232\164\006}{}% 8
\BOOKMARK [1][-]{section.2.1}{\376\377\147\011\121\163\122\233\166\204\167\345\213\306}{chapter.2}% 9
\BOOKMARK [1][-]{section.2.2}{\376\377\227\136\121\111\156\321\156\321\217\156\225\356\230\230}{chapter.2}% 10
\BOOKMARK [1][-]{section.2.3}{\376\377\227\136\140\357\140\047\174\373\116\016\140\357\140\047\122\233}{chapter.2}% 11
\BOOKMARK [1][-]{section.2.4}{\376\377\121\166\133\203}{chapter.2}% 12
\BOOKMARK [0][-]{chapter.3}{\376\377\147\072\150\260\200\375}{}% 13
\BOOKMARK [1][-]{section.3.1}{\376\377\122\233\060\001\122\237\060\001\122\277\200\375}{chapter.3}% 14
\BOOKMARK [1][-]{section.3.2}{\376\377\170\260\144\236\225\356\230\230}{chapter.3}% 15
\BOOKMARK [0][-]{chapter.4}{\376\377\211\322\122\250\221\317}{}% 16
\BOOKMARK [1][-]{section.4.1}{\376\377\211\322\122\250\221\317\116\016\122\233\167\351}{chapter.4}% 17
\BOOKMARK [1][-]{section.4.2}{\376\377\121\166\133\203}{chapter.4}% 18
\BOOKMARK [1][-]{section.4.3}{\376\377\227\136\140\357\140\047\215\050\160\271\174\373\116\055\166\204\122\250\122\233\133\146\133\232\164\006}{chapter.4}% 19
\BOOKMARK [0][-]{chapter.5}{\376\377\215\050\137\303\116\016\122\032\117\123}{}% 20
\BOOKMARK [1][-]{section.5.1}{\376\377\215\050\137\303\116\016\215\050\160\271\174\373}{chapter.5}% 21
\BOOKMARK [1][-]{section.5.2}{\376\377\122\032\117\123\133\232\217\164\217\154\122\250}{chapter.5}% 22
\BOOKMARK [1][-]{section.5.3}{\376\377\217\154\122\250\166\204\122\250\122\233\133\146\133\232\164\006}{chapter.5}% 23
\BOOKMARK [1][-]{section.5.4}{\376\377\122\032\117\123\136\163\227\142\136\163\210\114\217\320\122\250}{chapter.5}% 24
\BOOKMARK [1][-]{section.5.5}{\376\377\122\032\117\123\133\232\160\271\217\154\122\250}{chapter.5}% 25
\BOOKMARK [1][-]{section.5.6}{\376\377\136\070\211\301\123\000\215\050\122\032\117\123\217\154\122\250\140\357\221\317}{chapter.5}% 26
\BOOKMARK [0][-]{chapter.6}{\376\377\155\101\117\123}{}% 27
\BOOKMARK [1][-]{section.6.1}{\376\377\155\101\117\123\227\131\122\233\133\146}{chapter.6}% 28
\BOOKMARK [1][-]{section.6.2}{\376\377\155\101\117\123\122\250\122\233\133\146}{chapter.6}% 29
\BOOKMARK [1][-]{section.6.3}{\376\377\164\006\140\363\155\101\117\123\166\204\133\232\136\070\155\101\122\250}{chapter.6}% 30
\BOOKMARK [1][-]{section.6.4}{\376\377\236\317\140\047\155\101\117\123\166\204\155\101\122\250}{chapter.6}% 31
\BOOKMARK [0][-]{chapter.7}{\376\377\143\057\122\250\116\016\154\342}{}% 32
\BOOKMARK [1][-]{section.7.1}{\376\377\173\200\214\020\143\057\122\250\166\204\217\320\122\250\133\146\143\317\217\360}{chapter.7}% 33
\BOOKMARK [1][-]{section.7.2}{\376\377\173\200\214\020\143\057\122\250\166\204\122\250\122\233\133\146\140\047\215\050}{chapter.7}% 34
\BOOKMARK [1][-]{section.7.3}{\376\377\226\073\134\074\060\001\123\327\217\353\060\001\201\352\157\300\143\057\122\250}{chapter.7}% 35
\BOOKMARK [1][-]{section.7.4}{\376\377\154\342\166\204\217\320\122\250\133\146\143\317\217\360}{chapter.7}% 36
\BOOKMARK [1][-]{section.7.5}{\376\377\154\342\166\204\136\162\155\211}{chapter.7}% 37
\BOOKMARK [1][-]{section.7.6}{\376\377\154\342\166\204\210\115\134\004\060\001\123\315\134\004\060\001\142\230\134\004}{chapter.7}% 38
\BOOKMARK [1][-]{section.7.7}{\376\377\154\342\122\250\145\271\172\013}{chapter.7}% 39
\BOOKMARK [1][-]{section.7.8}{\376\377\154\342\166\204\140\047\215\050}{chapter.7}% 40
\BOOKMARK [1][-]{section.7.9}{\376\377\165\065\170\301\154\342}{chapter.7}% 41
\BOOKMARK [0][-]{chapter.8}{\376\377\162\355\116\111\166\370\133\371\213\272}{}% 42
\BOOKMARK [1][-]{section.8.1}{\376\377\162\355\116\111\166\370\133\371\213\272\127\372\147\054\123\237\164\006}{chapter.8}% 43
\BOOKMARK [2][-]{subsection.8.1.1}{\376\377\116\044\147\141\127\372\147\054\120\107\213\276\377\032}{section.8.1}% 44
\BOOKMARK [2][-]{subsection.8.1.2}{\376\377\116\044\116\052\221\315\211\201\143\250\213\272}{section.8.1}% 45
\BOOKMARK [1][-]{section.8.2}{\376\377\155\033\117\046\121\171\123\330\143\142}{chapter.8}% 46
\BOOKMARK [2][-]{subsection.8.2.1}{\376\377\176\277\140\047\123\330\143\142\377\032}{section.8.2}% 47
\BOOKMARK [2][-]{subsection.8.2.2}{\376\377\000L\000o\000r\000e\000n\000t\000z\000\040\000T\000r\000a\000n\000s\000f\000o\000r\000m\000a\000t\000i\000o\000n\000s\000:}{section.8.2}% 48
\BOOKMARK [2][-]{subsection.8.2.3}{\376\377\116\044\116\052\226\120\133\232\147\141\116\366\377\032}{section.8.2}% 49
\BOOKMARK [2][-]{subsection.8.2.4}{\376\377\147\054\137\201\145\366\225\364\377\032}{section.8.2}% 50
\BOOKMARK [2][-]{subsection.8.2.5}{\376\377\166\370\133\371\213\272\134\072\136\246\116\013\166\204\131\032\146\156\122\322\145\110\136\224\377\032}{section.8.2}% 51
\BOOKMARK [2][-]{subsection.8.2.6}{\376\377\220\037\136\246\123\330\143\142\377\032}{section.8.2}% 52
\BOOKMARK [2][-]{subsection.8.2.7}{\376\377\122\240\220\037\136\246\123\330\143\142\377\032}{section.8.2}% 53
\BOOKMARK [1][-]{section.8.3}{\376\377\166\370\133\371\213\272\122\250\122\233\133\146}{chapter.8}% 54
\BOOKMARK [2][-]{subsection.8.3.1}{\376\377\123\327\122\233\123\330\143\142\377\032}{section.8.3}% 55
\BOOKMARK [2][-]{subsection.8.3.2}{\376\377\162\133\230\177\133\232\137\213\117\356\153\143\377\032}{section.8.3}% 56
\BOOKMARK [2][-]{subsection.8.3.3}{\376\377\122\250\221\317\060\001\200\375\221\317\123\330\143\142\377\032}{section.8.3}% 57
\BOOKMARK [2][-]{subsection.8.3.4}{\376\377\215\050\221\317\123\330\143\142\060\001\200\375\221\317\122\006\211\343\377\032}{section.8.3}% 58
\BOOKMARK [2][-]{subsection.8.3.5}{\376\377\200\375\221\317\122\250\221\317\145\271\172\013\377\032}{section.8.3}% 59
\BOOKMARK [1][-]{section.8.4}{\376\377\173\054\121\153\172\340\140\035\200\003\230\230}{chapter.8}% 60
