\BOOKMARK [0][-]{Doc-Start}{\376\377\136\217\212\000}{}% 1
\BOOKMARK [0][-]{chapter.1}{\376\377\127\372\170\100\167\345\213\306}{}% 2
\BOOKMARK [1][-]{section.1.1}{\376\377\120\117\137\256\122\006\145\271\172\013\127\372\147\054\151\202\137\365}{chapter.1}% 3
\BOOKMARK [1][-]{section.1.2}{\376\377\167\351\226\065\127\372\147\054\151\202\137\365}{chapter.1}% 4
\BOOKMARK [1][-]{section.1.3}{\376\377\167\351\226\065\221\315\211\201\140\047\215\050\116\016\133\232\164\006}{chapter.1}% 5
\BOOKMARK [1][-]{section.1.4}{\376\377\124\021\221\317\124\214\167\351\226\065\166\204\203\003\145\160}{chapter.1}% 6
\BOOKMARK [1][-]{section.1.5}{\376\377\136\070\165\050\133\232\164\006}{chapter.1}% 7
\BOOKMARK [0][-]{chapter.2}{\376\377\147\011\226\120\135\356\122\006\217\321\117\074\127\372\170\100}{}% 8
\BOOKMARK [1][-]{section.2.1}{\376\377\171\273\145\143\116\016\135\356\122\006}{chapter.2}% 9
\BOOKMARK [1][-]{section.2.2}{\376\377\116\373\141\017\135\356\122\006\174\276\136\246}{chapter.2}% 10
\BOOKMARK [0][-]{chapter.3}{\376\377\175\047\201\364\135\356\122\006\150\074\137\017}{}% 11
\BOOKMARK [1][-]{section.3.1}{\376\377\135\356\122\006\217\321\117\074\166\204\143\250\136\177}{chapter.3}% 12
\BOOKMARK [1][-]{section.3.2}{\376\377\124\004\226\066\133\374\145\160\166\204\175\047\201\364\150\074\137\017}{chapter.3}% 13
\BOOKMARK [1][-]{section.3.3}{\376\377\116\244\225\031\177\121\150\074\116\012\166\204\175\047\201\364\150\074\137\017}{chapter.3}% 14
\BOOKMARK [1][-]{section.3.4}{\376\377\200\124\124\010\116\000\226\066\124\214\116\214\226\066\133\374\145\160\166\204\175\047\201\364\150\074\137\017}{chapter.3}% 15
\BOOKMARK [1][-]{section.3.5}{\376\377\123\125\217\271\150\074\137\017}{chapter.3}% 16
\BOOKMARK [0][-]{chapter.4}{\376\377\135\356\122\006\150\074\137\017\172\063\133\232\140\047\122\006\147\220}{}% 17
\BOOKMARK [0][-]{chapter.5}{\376\377\142\233\162\151\127\213\145\271\172\013}{}% 18
\BOOKMARK [1][-]{section.5.1}{\376\377\116\000\176\364\160\355\117\040\133\374\145\271\172\013\377\010\136\070\174\373\145\160\142\151\145\143\145\271\172\013\377\011}{chapter.5}% 19
\BOOKMARK [1][-]{section.5.2}{\376\377\133\371\155\101\142\151\145\143\145\271\172\013}{chapter.5}% 20
\BOOKMARK [1][-]{section.5.3}{\376\377\116\214\176\364\160\355\117\040\133\374\145\271\172\013}{chapter.5}% 21
