\BOOKMARK [0][-]{Doc-Start}{\376\377\136\217\212\000}{}% 1
\BOOKMARK [0][-]{Doc-Start}{\376\377\166\356\137\125}{}% 2
\BOOKMARK [0][-]{chapter.1}{\376\377\127\372\170\100\167\345\213\306}{}% 3
\BOOKMARK [1][-]{section.1.1}{\376\377\000C\213\355\212\000\151\202\217\360}{chapter.1}% 4
\BOOKMARK [1][-]{section.1.2}{\376\377\173\227\154\325}{chapter.1}% 5
\BOOKMARK [1][-]{section.1.3}{\376\377\145\160\143\156\174\173\127\213}{chapter.1}% 6
\BOOKMARK [1][-]{section.1.4}{\376\377\217\320\173\227\173\046}{chapter.1}% 7
\BOOKMARK [1][-]{section.1.5}{\376\377\145\160\143\156\217\223\121\145\116\016\217\223\121\372}{chapter.1}% 8
\BOOKMARK [1][-]{section.1.6}{\376\377\147\141\116\366\213\355\123\345}{chapter.1}% 9
\BOOKMARK [1][-]{section.1.7}{\376\377\137\252\163\257\143\247\122\066}{chapter.1}% 10
\BOOKMARK [0][-]{chapter.2}{\376\377\150\070\137\303\121\205\133\271}{}% 11
\BOOKMARK [1][-]{section.2.1}{\376\377\121\375\145\160}{chapter.2}% 12
\BOOKMARK [1][-]{section.2.2}{\376\377\145\160\176\304}{chapter.2}% 13
\BOOKMARK [1][-]{section.2.3}{\376\377\143\007\224\210}{chapter.2}% 14
\BOOKMARK [0][-]{chapter.3}{\376\377\217\333\226\066\167\345\213\306}{}% 15
\BOOKMARK [1][-]{section.3.1}{\376\377\133\127\173\046\116\062\123\312\121\166\121\375\145\160}{chapter.3}% 16
\BOOKMARK [1][-]{section.3.2}{\376\377\133\130\120\250\174\173\122\053\060\001\121\205\133\130\173\241\164\006}{chapter.3}% 17
\BOOKMARK [1][-]{section.3.3}{\376\377\145\207\116\366\217\223\121\145\000/\217\223\121\372}{chapter.3}% 18
\BOOKMARK [1][-]{section.3.4}{\376\377\176\323\147\204\060\001\200\124\124\010\060\001\147\232\116\076\116\016\201\352\133\232\116\111\174\173\127\213}{chapter.3}% 19
\BOOKMARK [1][-]{section.3.5}{\376\377\117\115\144\315\117\134\377\032}{chapter.3}% 20
\BOOKMARK [0][-]{table.caption.10}{\376\377\123\302\200\003\145\207\163\056}{}% 21
\BOOKMARK [0][-]{table.caption.10}{\376\377\226\104\137\125}{}% 22
\BOOKMARK [1][-]{section.Alph0.1}{\376\377\136\070\165\050\122\237\200\375}{table.caption.10}% 23
