\BOOKMARK [0][-]{Doc-Start}{\376\377\136\217\212\000}{}% 1
\BOOKMARK [0][-]{chapter.1}{\376\377\172\172\225\364\116\016\137\142\137\017}{}% 2
\BOOKMARK [1][-]{section.1.1}{\376\377\176\277\140\047\172\172\225\364}{chapter.1}% 3
\BOOKMARK [1][-]{section.1.2}{\376\377\127\372\116\016\176\364\145\160}{chapter.1}% 4
\BOOKMARK [1][-]{section.1.3}{\376\377\133\371\120\166\172\172\225\364}{chapter.1}% 5
\BOOKMARK [1][-]{section.1.4}{\376\377\123\314\176\277\140\047\127\213\124\214\116\214\153\041\127\213}{chapter.1}% 6
\BOOKMARK [0][-]{chapter.2}{\376\377\176\277\140\047\173\227\133\120}{}% 7
\BOOKMARK [1][-]{section.2.1}{\376\377\124\021\221\317\172\172\225\364\166\204\176\277\140\047\146\040\134\004}{chapter.2}% 8
\BOOKMARK [1][-]{section.2.2}{\376\377\176\277\140\047\173\227\133\120}{chapter.2}% 9
\BOOKMARK [1][-]{section.2.3}{\376\377\162\171\137\201\120\074\116\016\162\171\137\201\124\021\221\317}{chapter.2}% 10
\BOOKMARK [1][-]{section.2.4}{\376\377\000J\000o\000r\000d\000a\000n\150\007\121\306\127\213}{chapter.2}% 11
\BOOKMARK [0][-]{chapter.3}{\376\377\136\046\147\011\145\160\116\130\166\204\176\277\140\047\172\172\225\364\377\032}{}% 12
\BOOKMARK [1][-]{section.3.1}{\376\377\153\047\121\340\221\314\137\227\172\172\225\364\000\050\000E\000u\000c\000l\000i\000d\000e\000a\000n\000\040\000S\000p\000a\000c\000e\000\051}{chapter.3}% 13
\BOOKMARK [1][-]{section.3.2}{\376\377\217\233\172\172\225\364\000\050\000S\000y\000m\000p\000l\000e\000c\000t\000i\000c\000\040\000S\000p\000a\000c\000e\000\051}{chapter.3}% 14
\BOOKMARK [1][-]{section.3.3}{\376\377\221\111\172\172\225\364\000\050\000U\000n\000i\000t\000a\000r\000y\000\040\000S\000p\000a\000c\000e\000\051}{chapter.3}% 15
\BOOKMARK [1][-]{section.3.4}{\376\377\121\205\171\357\172\172\225\364\116\012\166\204\176\277\140\047\173\227\133\120}{chapter.3}% 16
\BOOKMARK [0][-]{chapter.4}{\376\377\116\377\134\004\172\172\225\364\116\016\153\047\121\340\221\314\137\227\160\271\172\172\225\364}{}% 17
\BOOKMARK [1][-]{section.4.1}{\376\377\116\377\134\004\172\172\225\364}{chapter.4}% 18
\BOOKMARK [1][-]{section.4.2}{\376\377\153\047\121\340\221\314\137\227\160\271\172\172\225\364}{chapter.4}% 19
\BOOKMARK [1][-]{section.4.3}{\376\377\177\244\116\016\121\340\117\125}{chapter.4}% 20
\BOOKMARK [0][-]{chapter.5}{\376\377\136\070\211\301\146\362\227\142}{}% 21
\BOOKMARK [0][-]{chapter.6}{\376\377\137\040\221\317}{}% 22
\BOOKMARK [1][-]{section.6.1}{\376\377\131\032\221\315\176\277\140\047\146\040\134\004\116\016\137\040\221\317}{chapter.6}% 23
\BOOKMARK [1][-]{section.6.2}{\376\377\137\040\221\317\116\343\145\160}{chapter.6}% 24
\BOOKMARK [0][-]{section.6.2}{\376\377\123\302\200\003\145\207\163\056}{}% 25
